<?xml version="1.0" encoding="UTF-8"?>
<!-- Generated by org.testng.reporters.JUnitReportReporter -->
<testsuite hostname="DESKTOP-FV0KD14" failures="0" tests="1" name="testCases.TestCases2" time="12.113" errors="0" timestamp="2023-08-20T22:01:20 IST" skipped="0">
  <testcase classname="testCases.TestCases2" name="fileUpload" time="12.113"/>
  <system-out/>
</testsuite> <!-- testCases.TestCases2 -->
