<?xml version="1.0" encoding="UTF-8"?>
<!-- Generated by org.testng.reporters.JUnitReportReporter -->
<testsuite hostname="DESKTOP-FV0KD14" failures="0" tests="1" name="testCases.TestCases" time="36.306" errors="0" timestamp="2024-02-25T15:58:49 IST" skipped="0">
  <testcase classname="testCases.TestCases" name="admin_usersLog" time="36.306"/>
  <system-out/>
</testsuite> <!-- testCases.TestCases -->
